# JRE version: OpenJDK Runtime Environment Microsoft-11369865 (17.0.15+6) (build 17.0.15+6-LTS)
# Java VM: OpenJDK 64-Bit Server VM Microsoft-11369865 (17.0.15+6-LTS, mixed mode, sharing, tiered, compressed oops, compressed class ptrs, g1 gc, windows-amd64)
GC Precious Log:
 CPUs: 8 total, 8 available
 Memory: 7930M
 Large Page Support: Disabled
 NUMA Support: Disabled
 Compressed Oops: Enabled (32-bit)
 Heap Region Size: 1M
 Heap Min Capacity: 8M
 Heap Initial Capacity: 124M
 Heap Max Capacity: 2G
 Pre-touch: Disabled
 Parallel Workers: 8
 Concurrent Workers: 2
 Concurrent Refinement Workers: 8
 Periodic GC: Disabled
Heap:
 garbage-first heap   total 331776K, used 302746K [0x0000000080000000, 0x0000000100000000)
  region size 1024K, 12 young (12288K), 2 survivors (2048K)
 Metaspace       used 124823K, committed 126272K, reserved 557056K
  class space    used 17034K, committed 17728K, reserved 425984K
GC Heap History (20 events):
Event: 97.540 GC heap before
{Heap before GC invocations=129 (full 0):
 garbage-first heap   total 331776K, used 297690K [0x0000000080000000, 0x0000000100000000)
  region size 1024K, 16 young (16384K), 2 survivors (2048K)
 Metaspace       used 123984K, committed 125440K, reserved 557056K
  class space    used 16934K, committed 17600K, reserved 425984K
}
Event: 97.554 GC heap after
{Heap after GC invocations=130 (full 0):
 garbage-first heap   total 331776K, used 285404K [0x0000000080000000, 0x0000000100000000)
  region size 1024K, 2 young (2048K), 2 survivors (2048K)
 Metaspace       used 123984K, committed 125440K, reserved 557056K
  class space    used 16934K, committed 17600K, reserved 425984K
}
Event: 98.485 GC heap before
{Heap before GC invocations=130 (full 0):
 garbage-first heap   total 331776K, used 298716K [0x0000000080000000, 0x0000000100000000)
  region size 1024K, 16 young (16384K), 2 survivors (2048K)
 Metaspace       used 123985K, committed 125440K, reserved 557056K
  class space    used 16934K, committed 17600K, reserved 425984K
}
Event: 98.490 GC heap after
{Heap after GC invocations=131 (full 0):
 garbage-first heap   total 331776K, used 286237K [0x0000000080000000, 0x0000000100000000)
  region size 1024K, 2 young (2048K), 2 survivors (2048K)
 Metaspace       used 123985K, committed 125440K, reserved 557056K
  class space    used 16934K, committed 17600K, reserved 425984K
}
Event: 98.997 GC heap before
{Heap before GC invocations=131 (full 0):
 garbage-first heap   total 331776K, used 299549K [0x0000000080000000, 0x0000000100000000)
  region size 1024K, 16 young (16384K), 2 survivors (2048K)
 Metaspace       used 123985K, committed 125440K, reserved 557056K
  class space    used 16934K, committed 17600K, reserved 425984K
}
Event: 99.003 GC heap after
{Heap after GC invocations=132 (full 0):
 garbage-first heap   total 331776K, used 287185K [0x0000000080000000, 0x0000000100000000)
  region size 1024K, 2 young (2048K), 2 survivors (2048K)
 Metaspace       used 123985K, committed 125440K, reserved 557056K
  class space    used 16934K, committed 17600K, reserved 425984K
}
Event: 99.736 GC heap before
{Heap before GC invocations=132 (full 0):
 garbage-first heap   total 331776K, used 300497K [0x0000000080000000, 0x0000000100000000)
  region size 1024K, 16 young (16384K), 2 survivors (2048K)
 Metaspace       used 123990K, committed 125440K, reserved 557056K
  class space    used 16934K, committed 17600K, reserved 425984K
}
Event: 99.741 GC heap after
{Heap after GC invocations=133 (full 0):
 garbage-first heap   total 331776K, used 287915K [0x0000000080000000, 0x0000000100000000)
  region size 1024K, 2 young (2048K), 2 survivors (2048K)
 Metaspace       used 123990K, committed 125440K, reserved 557056K
  class space    used 16934K, committed 17600K, reserved 425984K
}
Event: 100.069 GC heap before
{Heap before GC invocations=133 (full 0):
 garbage-first heap   total 331776K, used 301227K [0x0000000080000000, 0x0000000100000000)
  region size 1024K, 16 young (16384K), 2 survivors (2048K)
 Metaspace       used 123993K, committed 125440K, reserved 557056K
  class space    used 16934K, committed 17600K, reserved 425984K
}
Event: 100.075 GC heap after
{Heap after GC invocations=134 (full 0):
 garbage-first heap   total 331776K, used 289042K [0x0000000080000000, 0x0000000100000000)
  region size 1024K, 2 young (2048K), 2 survivors (2048K)
 Metaspace       used 123993K, committed 125440K, reserved 557056K
  class space    used 16934K, committed 17600K, reserved 425984K
}
Event: 100.404 GC heap before
{Heap before GC invocations=134 (full 0):
 garbage-first heap   total 331776K, used 302354K [0x0000000080000000, 0x0000000100000000)
  region size 1024K, 16 young (16384K), 2 survivors (2048K)
 Metaspace       used 123994K, committed 125440K, reserved 557056K
  class space    used 16934K, committed 17600K, reserved 425984K
}
Event: 100.409 GC heap after
{Heap after GC invocations=135 (full 0):
 garbage-first heap   total 331776K, used 290408K [0x0000000080000000, 0x0000000100000000)
  region size 1024K, 2 young (2048K), 2 survivors (2048K)
 Metaspace       used 123994K, committed 125440K, reserved 557056K
  class space    used 16934K, committed 17600K, reserved 425984K
}
Event: 100.627 GC heap before
{Heap before GC invocations=135 (full 0):
 garbage-first heap   total 331776K, used 303720K [0x0000000080000000, 0x0000000100000000)
  region size 1024K, 16 young (16384K), 2 survivors (2048K)
 Metaspace       used 123994K, committed 125440K, reserved 557056K
  class space    used 16934K, committed 17600K, reserved 425984K
}
Event: 100.632 GC heap after
{Heap after GC invocations=136 (full 0):
 garbage-first heap   total 331776K, used 291292K [0x0000000080000000, 0x0000000100000000)
  region size 1024K, 2 young (2048K), 2 survivors (2048K)
 Metaspace       used 123994K, committed 125440K, reserved 557056K
  class space    used 16934K, committed 17600K, reserved 425984K
}
Event: 100.856 GC heap before
{Heap before GC invocations=136 (full 0):
 garbage-first heap   total 331776K, used 304604K [0x0000000080000000, 0x0000000100000000)
  region size 1024K, 16 young (16384K), 2 survivors (2048K)
 Metaspace       used 123995K, committed 125440K, reserved 557056K
  class space    used 16934K, committed 17600K, reserved 425984K
}
Event: 100.860 GC heap after
{Heap after GC invocations=137 (full 0):
 garbage-first heap   total 331776K, used 292081K [0x0000000080000000, 0x0000000100000000)
  region size 1024K, 2 young (2048K), 2 survivors (2048K)
 Metaspace       used 123995K, committed 125440K, reserved 557056K
  class space    used 16934K, committed 17600K, reserved 425984K
}
Event: 101.108 GC heap before
{Heap before GC invocations=137 (full 0):
 garbage-first heap   total 331776K, used 305393K [0x0000000080000000, 0x0000000100000000)
  region size 1024K, 16 young (16384K), 2 survivors (2048K)
 Metaspace       used 123995K, committed 125440K, reserved 557056K
  class space    used 16934K, committed 17600K, reserved 425984K
}
Event: 101.114 GC heap after
{Heap after GC invocations=138 (full 0):
 garbage-first heap   total 331776K, used 293291K [0x0000000080000000, 0x0000000100000000)
  region size 1024K, 2 young (2048K), 2 survivors (2048K)
 Metaspace       used 123995K, committed 125440K, reserved 557056K
  class space    used 16934K, committed 17600K, reserved 425984K
}
Event: 101.680 GC heap before
{Heap before GC invocations=138 (full 0):
 garbage-first heap   total 331776K, used 306603K [0x0000000080000000, 0x0000000100000000)
  region size 1024K, 16 young (16384K), 2 survivors (2048K)
 Metaspace       used 124219K, committed 125696K, reserved 557056K
  class space    used 16971K, committed 17664K, reserved 425984K
}
Event: 101.705 GC heap after
{Heap after GC invocations=139 (full 0):
 garbage-first heap   total 331776K, used 294554K [0x0000000080000000, 0x0000000100000000)
  region size 1024K, 2 young (2048K), 2 survivors (2048K)
 Metaspace       used 124219K, committed 125696K, reserved 557056K
  class space    used 16971K, committed 17664K, reserved 425984K
}

